<?xml version="1.0" encoding="UTF-8"?>
<testsuite name="notquitejava.translation.FileTranslationTest" tests="85" skipped="0" failures="4" errors="0" timestamp="2023-03-08T11:27:01" hostname="Marians-MBP" time="16.068">
  <properties/>
  <testcase name="testTranslation[testdata/translation/classes/portfolio_OnlyFields.java]" classname="notquitejava.translation.FileTranslationTest" time="1.874"/>
  <testcase name="testTranslation[testdata/translation/classes/portfolio_Simple_Method_Test.java]" classname="notquitejava.translation.FileTranslationTest" time="0.3"/>
  <testcase name="testTranslation[testdata/translation/classes/.DS_Store]" classname="notquitejava.translation.FileTranslationTest" time="0.013">
    <failure message="java.nio.charset.MalformedInputException: Input length = 1" type="java.nio.charset.MalformedInputException">java.nio.charset.MalformedInputException: Input length = 1
	at java.base/java.lang.StringCoding.throwMalformed(StringCoding.java:685)
	at java.base/java.lang.StringCoding.decodeUTF8_0(StringCoding.java:872)
	at java.base/java.lang.StringCoding.newStringNoRepl1(StringCoding.java:1005)
	at java.base/java.lang.StringCoding.newStringNoRepl(StringCoding.java:990)
	at java.base/java.lang.System$2.newStringNoRepl(System.java:2255)
	at java.base/java.nio.file.Files.readString(Files.java:3359)
	at java.base/java.nio.file.Files.readString(Files.java:3317)
	at notquitejava.translation.FileTranslationTest.testTranslation(FileTranslationTest.java:36)
	at java.base/jdk.internal.reflect.NativeMethodAccessorImpl.invoke0(Native Method)
	at java.base/jdk.internal.reflect.NativeMethodAccessorImpl.invoke(NativeMethodAccessorImpl.java:62)
	at java.base/jdk.internal.reflect.DelegatingMethodAccessorImpl.invoke(DelegatingMethodAccessorImpl.java:43)
	at java.base/java.lang.reflect.Method.invoke(Method.java:567)
	at org.junit.runners.model.FrameworkMethod$1.runReflectiveCall(FrameworkMethod.java:50)
	at org.junit.internal.runners.model.ReflectiveCallable.run(ReflectiveCallable.java:12)
	at org.junit.runners.model.FrameworkMethod.invokeExplosively(FrameworkMethod.java:47)
	at org.junit.internal.runners.statements.InvokeMethod.evaluate(InvokeMethod.java:17)
	at org.junit.runners.ParentRunner.runLeaf(ParentRunner.java:325)
	at org.junit.runners.BlockJUnit4ClassRunner.runChild(BlockJUnit4ClassRunner.java:78)
	at org.junit.runners.BlockJUnit4ClassRunner.runChild(BlockJUnit4ClassRunner.java:57)
	at org.junit.runners.ParentRunner$3.run(ParentRunner.java:290)
	at org.junit.runners.ParentRunner$1.schedule(ParentRunner.java:71)
	at org.junit.runners.ParentRunner.runChildren(ParentRunner.java:288)
	at org.junit.runners.ParentRunner.access$000(ParentRunner.java:58)
	at org.junit.runners.ParentRunner$2.evaluate(ParentRunner.java:268)
	at org.junit.runners.ParentRunner.run(ParentRunner.java:363)
	at org.junit.runners.Suite.runChild(Suite.java:128)
	at org.junit.runners.Suite.runChild(Suite.java:27)
	at org.junit.runners.ParentRunner$3.run(ParentRunner.java:290)
	at org.junit.runners.ParentRunner$1.schedule(ParentRunner.java:71)
	at org.junit.runners.ParentRunner.runChildren(ParentRunner.java:288)
	at org.junit.runners.ParentRunner.access$000(ParentRunner.java:58)
	at org.junit.runners.ParentRunner$2.evaluate(ParentRunner.java:268)
	at org.junit.internal.runners.statements.RunAfters.evaluate(RunAfters.java:27)
	at org.junit.runners.ParentRunner.run(ParentRunner.java:363)
	at org.gradle.api.internal.tasks.testing.junit.JUnitTestClassExecutor.runTestClass(JUnitTestClassExecutor.java:108)
	at org.gradle.api.internal.tasks.testing.junit.JUnitTestClassExecutor.execute(JUnitTestClassExecutor.java:57)
	at org.gradle.api.internal.tasks.testing.junit.JUnitTestClassExecutor.execute(JUnitTestClassExecutor.java:39)
	at org.gradle.api.internal.tasks.testing.junit.AbstractJUnitTestClassProcessor.processTestClass(AbstractJUnitTestClassProcessor.java:62)
	at org.gradle.api.internal.tasks.testing.SuiteTestClassProcessor.processTestClass(SuiteTestClassProcessor.java:52)
	at java.base/jdk.internal.reflect.NativeMethodAccessorImpl.invoke0(Native Method)
	at java.base/jdk.internal.reflect.NativeMethodAccessorImpl.invoke(NativeMethodAccessorImpl.java:62)
	at java.base/jdk.internal.reflect.DelegatingMethodAccessorImpl.invoke(DelegatingMethodAccessorImpl.java:43)
	at java.base/java.lang.reflect.Method.invoke(Method.java:567)
	at org.gradle.internal.dispatch.ReflectionDispatch.dispatch(ReflectionDispatch.java:36)
	at org.gradle.internal.dispatch.ReflectionDispatch.dispatch(ReflectionDispatch.java:24)
	at org.gradle.internal.dispatch.ContextClassLoaderDispatch.dispatch(ContextClassLoaderDispatch.java:33)
	at org.gradle.internal.dispatch.ProxyDispatchAdapter$DispatchingInvocationHandler.invoke(ProxyDispatchAdapter.java:94)
	at com.sun.proxy.$Proxy2.processTestClass(Unknown Source)
	at org.gradle.api.internal.tasks.testing.worker.TestWorker$2.run(TestWorker.java:176)
	at org.gradle.api.internal.tasks.testing.worker.TestWorker.executeAndMaintainThreadName(TestWorker.java:129)
	at org.gradle.api.internal.tasks.testing.worker.TestWorker.execute(TestWorker.java:100)
	at org.gradle.api.internal.tasks.testing.worker.TestWorker.execute(TestWorker.java:60)
	at org.gradle.process.internal.worker.child.ActionExecutionWorker.execute(ActionExecutionWorker.java:56)
	at org.gradle.process.internal.worker.child.SystemApplicationClassLoaderWorker.call(SystemApplicationClassLoaderWorker.java:113)
	at org.gradle.process.internal.worker.child.SystemApplicationClassLoaderWorker.call(SystemApplicationClassLoaderWorker.java:65)
	at worker.org.gradle.process.internal.worker.GradleWorkerMain.run(GradleWorkerMain.java:69)
	at worker.org.gradle.process.internal.worker.GradleWorkerMain.main(GradleWorkerMain.java:74)
</failure>
  </testcase>
  <testcase name="testTranslation[testdata/translation/stmts/BasicTest.java]" classname="notquitejava.translation.FileTranslationTest" time="0.295"/>
  <testcase name="testTranslation[testdata/translation/stmts/MinimalProgram.java]" classname="notquitejava.translation.FileTranslationTest" time="0.206"/>
  <testcase name="testTranslation[testdata/translation/stmts/EmptyProgram.java]" classname="notquitejava.translation.FileTranslationTest" time="0.183"/>
  <testcase name="testTranslation[testdata/translation/stmts/TPOK_EmptyProgram.java]" classname="notquitejava.translation.FileTranslationTest" time="0.217"/>
  <testcase name="testTranslation[testdata/translation/stmts/TPOK_Autput.java]" classname="notquitejava.translation.FileTranslationTest" time="0.172"/>
  <testcase name="testTranslation[testdata/translation/stmts/TPOK_Negate.java]" classname="notquitejava.translation.FileTranslationTest" time="0.178"/>
  <testcase name="testTranslation[testdata/translation/stmts/MainTest.java]" classname="notquitejava.translation.FileTranslationTest" time="0.175"/>
  <testcase name="testTranslation[testdata/translation/stmts/1-PrintLiteral.java]" classname="notquitejava.translation.FileTranslationTest" time="0.23"/>
  <testcase name="testTranslation[testdata/translation/stmts/IntTest.java]" classname="notquitejava.translation.FileTranslationTest" time="0.179"/>
  <testcase name="testTranslation[testdata/translation/stmts/NegTest.java]" classname="notquitejava.translation.FileTranslationTest" time="0.177"/>
  <testcase name="testTranslation[testdata/translation/stmts/2-Add.java]" classname="notquitejava.translation.FileTranslationTest" time="0.177"/>
  <testcase name="testTranslation[testdata/translation/stmts/DivByZero.java]" classname="notquitejava.translation.FileTranslationTest" time="0.168"/>
  <testcase name="testTranslation[testdata/translation/stmts/PrecedenceTest.java]" classname="notquitejava.translation.FileTranslationTest" time="0.188"/>
  <testcase name="testTranslation[testdata/translation/stmts/BoolTest.java]" classname="notquitejava.translation.FileTranslationTest" time="0.225"/>
  <testcase name="testTranslation[testdata/translation/stmts/UnopTest.java]" classname="notquitejava.translation.FileTranslationTest" time="0.201"/>
  <testcase name="testTranslation[testdata/translation/stmts/IfTest.java]" classname="notquitejava.translation.FileTranslationTest" time="0.194"/>
  <testcase name="testTranslation[testdata/translation/stmts/PrintTest.java]" classname="notquitejava.translation.FileTranslationTest" time="0.173"/>
  <testcase name="testTranslation[testdata/translation/stmts/MainLocals.java]" classname="notquitejava.translation.FileTranslationTest" time="0.191"/>
  <testcase name="testTranslation[testdata/translation/stmts/Add5To3.java]" classname="notquitejava.translation.FileTranslationTest" time="0.199"/>
  <testcase name="testTranslation[testdata/translation/stmts/TPOK_substraction.java]" classname="notquitejava.translation.FileTranslationTest" time="0.176"/>
  <testcase name="testTranslation[testdata/translation/stmts/MainTest3.java]" classname="notquitejava.translation.FileTranslationTest" time="0.162"/>
  <testcase name="testTranslation[testdata/translation/stmts/WhileTest.java]" classname="notquitejava.translation.FileTranslationTest" time="0.182"/>
  <testcase name="testTranslation[testdata/translation/stmts/TPOK_Addition.java]" classname="notquitejava.translation.FileTranslationTest" time="0.17"/>
  <testcase name="testTranslation[testdata/translation/stmts/TPOK_ConditionalTrue.java]" classname="notquitejava.translation.FileTranslationTest" time="0.165"/>
  <testcase name="testTranslation[testdata/translation/stmts/IfTrue.java]" classname="notquitejava.translation.FileTranslationTest" time="0.154"/>
  <testcase name="testTranslation[testdata/translation/stmts/TPOK_ConditionalFalse.java]" classname="notquitejava.translation.FileTranslationTest" time="0.159"/>
  <testcase name="testTranslation[testdata/translation/stmts/IfFalse.java]" classname="notquitejava.translation.FileTranslationTest" time="0.158"/>
  <testcase name="testTranslation[testdata/translation/stmts/IdentifierTest.java]" classname="notquitejava.translation.FileTranslationTest" time="0.15"/>
  <testcase name="testTranslation[testdata/translation/stmts/BasicArithmetic.java]" classname="notquitejava.translation.FileTranslationTest" time="0.151"/>
  <testcase name="testTranslation[testdata/translation/stmts/WhileFalse.java]" classname="notquitejava.translation.FileTranslationTest" time="0.153"/>
  <testcase name="testTranslation[testdata/translation/stmts/PrintConst.java]" classname="notquitejava.translation.FileTranslationTest" time="0.167"/>
  <testcase name="testTranslation[testdata/translation/stmts/WhileFalseVar.java]" classname="notquitejava.translation.FileTranslationTest" time="0.176"/>
  <testcase name="testTranslation[testdata/translation/stmts/MainTest2.java]" classname="notquitejava.translation.FileTranslationTest" time="0.161"/>
  <testcase name="testTranslation[testdata/translation/stmts/MulAdd.java]" classname="notquitejava.translation.FileTranslationTest" time="0.163"/>
  <testcase name="testTranslation[testdata/translation/stmts/TPOK_Boolean.java]" classname="notquitejava.translation.FileTranslationTest" time="0.176"/>
  <testcase name="testTranslation[testdata/translation/stmts/AssignLocal.java]" classname="notquitejava.translation.FileTranslationTest" time="0.16"/>
  <testcase name="testTranslation[testdata/translation/stmts/BinopTest.java]" classname="notquitejava.translation.FileTranslationTest" time="0.183"/>
  <testcase name="testTranslation[testdata/translation/stmts/TPOK_ConditionalMore.java]" classname="notquitejava.translation.FileTranslationTest" time="0.178"/>
  <testcase name="testTranslation[testdata/translation/stmts/TPOK_Not.java]" classname="notquitejava.translation.FileTranslationTest" time="0.162"/>
  <testcase name="testTranslation[testdata/translation/stmts/TPOK_While.java]" classname="notquitejava.translation.FileTranslationTest" time="0.165"/>
  <testcase name="testTranslation[testdata/translation/stmts/AndTest.java]" classname="notquitejava.translation.FileTranslationTest" time="0.16"/>
  <testcase name="testTranslation[testdata/translation/stmts/Simple.java]" classname="notquitejava.translation.FileTranslationTest" time="0.168"/>
  <testcase name="testTranslation[testdata/translation/stmts/OperatorChainingTest.java]" classname="notquitejava.translation.FileTranslationTest" time="0.174"/>
  <testcase name="testTranslation[testdata/translation/stmts/OperatorTest.java]" classname="notquitejava.translation.FileTranslationTest" time="0.155"/>
  <testcase name="testTranslation[testdata/translation/stmts/WhileAnd.java]" classname="notquitejava.translation.FileTranslationTest" time="0.15"/>
  <testcase name="testTranslation[testdata/translation/stmts/TPOK_ConditionalMoreMore.java]" classname="notquitejava.translation.FileTranslationTest" time="0.168"/>
  <testcase name="testTranslation[testdata/translation/stmts/TPOK_And.java]" classname="notquitejava.translation.FileTranslationTest" time="0.158"/>
  <testcase name="testTranslation[testdata/translation/stmts/NotExpr.java]" classname="notquitejava.translation.FileTranslationTest" time="0.159"/>
  <testcase name="testTranslation[testdata/translation/stmts/BlockComments1.java]" classname="notquitejava.translation.FileTranslationTest" time="0.148"/>
  <testcase name="testTranslation[testdata/translation/stmts/SimpleNot.java]" classname="notquitejava.translation.FileTranslationTest" time="0.178"/>
  <testcase name="testTranslation[testdata/translation/stmts/WhileVar.java]" classname="notquitejava.translation.FileTranslationTest" time="0.162"/>
  <testcase name="testTranslation[testdata/translation/stmts/AndExpression.java]" classname="notquitejava.translation.FileTranslationTest" time="0.164"/>
  <testcase name="testTranslation[testdata/translation/stmts/TPOK_While2.java]" classname="notquitejava.translation.FileTranslationTest" time="0.159"/>
  <testcase name="testTranslation[testdata/translation/stmts/If.java]" classname="notquitejava.translation.FileTranslationTest" time="0.156"/>
  <testcase name="testTranslation[testdata/translation/stmts/IfLessTest.java]" classname="notquitejava.translation.FileTranslationTest" time="0.153"/>
  <testcase name="testTranslation[testdata/translation/stmts/IfAnd.java]" classname="notquitejava.translation.FileTranslationTest" time="0.185"/>
  <testcase name="testTranslation[testdata/translation/arrays/ArrayAlloc_RuntimeError.java]" classname="notquitejava.translation.FileTranslationTest" time="0.177"/>
  <testcase name="testTranslation[testdata/translation/arrays/ArraySize.java]" classname="notquitejava.translation.FileTranslationTest" time="0.151"/>
  <testcase name="testTranslation[testdata/translation/arrays/ArrayLength.java]" classname="notquitejava.translation.FileTranslationTest" time="0.165"/>
  <testcase name="testTranslation[testdata/translation/arrays/ArrayStoreNeg_RuntimeError.java]" classname="notquitejava.translation.FileTranslationTest" time="0.157"/>
  <testcase name="testTranslation[testdata/translation/arrays/ArrayErrorReadPastEnd.java]" classname="notquitejava.translation.FileTranslationTest" time="0.147"/>
  <testcase name="testTranslation[testdata/translation/arrays/ArrayErrorWritePastEnd.java]" classname="notquitejava.translation.FileTranslationTest" time="0.147"/>
  <testcase name="testTranslation[testdata/translation/arrays/ArrayErrorAllocNegative.java]" classname="notquitejava.translation.FileTranslationTest" time="0.167"/>
  <testcase name="testTranslation[testdata/translation/arrays/ArrayTest.java]" classname="notquitejava.translation.FileTranslationTest" time="0.149"/>
  <testcase name="testTranslation[testdata/translation/arrays/ArrayOkSize0.java]" classname="notquitejava.translation.FileTranslationTest" time="0.147"/>
  <testcase name="testTranslation[testdata/translation/arrays/ArrayErrorReadPastBeginning.java]" classname="notquitejava.translation.FileTranslationTest" time="0.154"/>
  <testcase name="testTranslation[testdata/translation/arrays/ArrayLookOutofBounds_RuntimeError.java]" classname="notquitejava.translation.FileTranslationTest" time="0.144"/>
  <testcase name="testTranslation[testdata/translation/arrays/ArrayErrorWritePastBeginning.java]" classname="notquitejava.translation.FileTranslationTest" time="0.144"/>
  <testcase name="testTranslation[testdata/translation/arrays/ArrayAlloc2.java]" classname="notquitejava.translation.FileTranslationTest" time="0.181"/>
  <testcase name="testTranslation[testdata/translation/arrays/ArrayOfArraysNull.java]" classname="notquitejava.translation.FileTranslationTest" time="0.165"/>
  <testcase name="testTranslation[testdata/translation/arrays/ArrayAllocStore.java]" classname="notquitejava.translation.FileTranslationTest" time="0.169"/>
  <testcase name="testTranslation[testdata/translation/arrays/ArrayAcc.java]" classname="notquitejava.translation.FileTranslationTest" time="0.153"/>
  <testcase name="testTranslation[testdata/translation/arrays/ArrayOfArrays3.java]" classname="notquitejava.translation.FileTranslationTest" time="0.165"/>
  <testcase name="testTranslation[testdata/translation/arrays/ArrayOk.java]" classname="notquitejava.translation.FileTranslationTest" time="0.173"/>
  <testcase name="testTranslation[testdata/translation/arrays/ArrayAllocInit.java]" classname="notquitejava.translation.FileTranslationTest" time="0.171"/>
  <testcase name="testTranslation[testdata/translation/arrays/ArrayStorePosOutofBounds_RuntimeError.java]" classname="notquitejava.translation.FileTranslationTest" time="0.151"/>
  <testcase name="testTranslation[testdata/translation/arrays/ArrayOfArrays1.java]" classname="notquitejava.translation.FileTranslationTest" time="0.205"/>
  <testcase name="testTranslation[testdata/translation/arrays/ArrayOfArrays2.java]" classname="notquitejava.translation.FileTranslationTest" time="0.184"/>
  <testcase name="testTranslation[testdata/translation/multiarrays/ArrayAcc.java]" classname="notquitejava.translation.FileTranslationTest" time="0.163">
    <failure message="java.lang.AssertionError: Llvm interpreter gave error, but there should be no error.&#10;Output: &#10;Nullpointer exception in line 4&#10;" type="java.lang.AssertionError">java.lang.AssertionError: Llvm interpreter gave error, but there should be no error.
Output: 
Nullpointer exception in line 4

	at org.junit.Assert.fail(Assert.java:88)
	at org.junit.Assert.assertTrue(Assert.java:41)
	at org.junit.Assert.assertNotNull(Assert.java:712)
	at notquitejava.translation.TranslationTestHelper.testLLVMTranslation(TranslationTestHelper.java:143)
	at notquitejava.translation.FileTranslationTest.testTranslation(FileTranslationTest.java:37)
	at jdk.internal.reflect.GeneratedMethodAccessor2.invoke(Unknown Source)
	at java.base/jdk.internal.reflect.DelegatingMethodAccessorImpl.invoke(DelegatingMethodAccessorImpl.java:43)
	at java.base/java.lang.reflect.Method.invoke(Method.java:567)
	at org.junit.runners.model.FrameworkMethod$1.runReflectiveCall(FrameworkMethod.java:50)
	at org.junit.internal.runners.model.ReflectiveCallable.run(ReflectiveCallable.java:12)
	at org.junit.runners.model.FrameworkMethod.invokeExplosively(FrameworkMethod.java:47)
	at org.junit.internal.runners.statements.InvokeMethod.evaluate(InvokeMethod.java:17)
	at org.junit.runners.ParentRunner.runLeaf(ParentRunner.java:325)
	at org.junit.runners.BlockJUnit4ClassRunner.runChild(BlockJUnit4ClassRunner.java:78)
	at org.junit.runners.BlockJUnit4ClassRunner.runChild(BlockJUnit4ClassRunner.java:57)
	at org.junit.runners.ParentRunner$3.run(ParentRunner.java:290)
	at org.junit.runners.ParentRunner$1.schedule(ParentRunner.java:71)
	at org.junit.runners.ParentRunner.runChildren(ParentRunner.java:288)
	at org.junit.runners.ParentRunner.access$000(ParentRunner.java:58)
	at org.junit.runners.ParentRunner$2.evaluate(ParentRunner.java:268)
	at org.junit.runners.ParentRunner.run(ParentRunner.java:363)
	at org.junit.runners.Suite.runChild(Suite.java:128)
	at org.junit.runners.Suite.runChild(Suite.java:27)
	at org.junit.runners.ParentRunner$3.run(ParentRunner.java:290)
	at org.junit.runners.ParentRunner$1.schedule(ParentRunner.java:71)
	at org.junit.runners.ParentRunner.runChildren(ParentRunner.java:288)
	at org.junit.runners.ParentRunner.access$000(ParentRunner.java:58)
	at org.junit.runners.ParentRunner$2.evaluate(ParentRunner.java:268)
	at org.junit.internal.runners.statements.RunAfters.evaluate(RunAfters.java:27)
	at org.junit.runners.ParentRunner.run(ParentRunner.java:363)
	at org.gradle.api.internal.tasks.testing.junit.JUnitTestClassExecutor.runTestClass(JUnitTestClassExecutor.java:108)
	at org.gradle.api.internal.tasks.testing.junit.JUnitTestClassExecutor.execute(JUnitTestClassExecutor.java:57)
	at org.gradle.api.internal.tasks.testing.junit.JUnitTestClassExecutor.execute(JUnitTestClassExecutor.java:39)
	at org.gradle.api.internal.tasks.testing.junit.AbstractJUnitTestClassProcessor.processTestClass(AbstractJUnitTestClassProcessor.java:62)
	at org.gradle.api.internal.tasks.testing.SuiteTestClassProcessor.processTestClass(SuiteTestClassProcessor.java:52)
	at java.base/jdk.internal.reflect.NativeMethodAccessorImpl.invoke0(Native Method)
	at java.base/jdk.internal.reflect.NativeMethodAccessorImpl.invoke(NativeMethodAccessorImpl.java:62)
	at java.base/jdk.internal.reflect.DelegatingMethodAccessorImpl.invoke(DelegatingMethodAccessorImpl.java:43)
	at java.base/java.lang.reflect.Method.invoke(Method.java:567)
	at org.gradle.internal.dispatch.ReflectionDispatch.dispatch(ReflectionDispatch.java:36)
	at org.gradle.internal.dispatch.ReflectionDispatch.dispatch(ReflectionDispatch.java:24)
	at org.gradle.internal.dispatch.ContextClassLoaderDispatch.dispatch(ContextClassLoaderDispatch.java:33)
	at org.gradle.internal.dispatch.ProxyDispatchAdapter$DispatchingInvocationHandler.invoke(ProxyDispatchAdapter.java:94)
	at com.sun.proxy.$Proxy2.processTestClass(Unknown Source)
	at org.gradle.api.internal.tasks.testing.worker.TestWorker$2.run(TestWorker.java:176)
	at org.gradle.api.internal.tasks.testing.worker.TestWorker.executeAndMaintainThreadName(TestWorker.java:129)
	at org.gradle.api.internal.tasks.testing.worker.TestWorker.execute(TestWorker.java:100)
	at org.gradle.api.internal.tasks.testing.worker.TestWorker.execute(TestWorker.java:60)
	at org.gradle.process.internal.worker.child.ActionExecutionWorker.execute(ActionExecutionWorker.java:56)
	at org.gradle.process.internal.worker.child.SystemApplicationClassLoaderWorker.call(SystemApplicationClassLoaderWorker.java:113)
	at org.gradle.process.internal.worker.child.SystemApplicationClassLoaderWorker.call(SystemApplicationClassLoaderWorker.java:65)
	at worker.org.gradle.process.internal.worker.GradleWorkerMain.run(GradleWorkerMain.java:69)
	at worker.org.gradle.process.internal.worker.GradleWorkerMain.main(GradleWorkerMain.java:74)
</failure>
  </testcase>
  <testcase name="testTranslation[testdata/translation/interfaces/portfolio_Interface_CreateClass.java]" classname="notquitejava.translation.FileTranslationTest" time="0.158"/>
  <testcase name="testTranslation[testdata/translation/interfaces/portfolio_Interfaces_Polymorphism.java]" classname="notquitejava.translation.FileTranslationTest" time="0.179">
    <failure message="org.junit.ComparisonFailure: expected:&lt;[1]&#10;2&#10;&gt; but was:&lt;[69]&#10;2&#10;&gt;" type="org.junit.ComparisonFailure">org.junit.ComparisonFailure: expected:&lt;[1]
2
&gt; but was:&lt;[69]
2
&gt;
	at org.junit.Assert.assertEquals(Assert.java:115)
	at org.junit.Assert.assertEquals(Assert.java:144)
	at notquitejava.translation.TranslationTestHelper.testLLVMTranslation(TranslationTestHelper.java:137)
	at notquitejava.translation.FileTranslationTest.testTranslation(FileTranslationTest.java:37)
	at jdk.internal.reflect.GeneratedMethodAccessor2.invoke(Unknown Source)
	at java.base/jdk.internal.reflect.DelegatingMethodAccessorImpl.invoke(DelegatingMethodAccessorImpl.java:43)
	at java.base/java.lang.reflect.Method.invoke(Method.java:567)
	at org.junit.runners.model.FrameworkMethod$1.runReflectiveCall(FrameworkMethod.java:50)
	at org.junit.internal.runners.model.ReflectiveCallable.run(ReflectiveCallable.java:12)
	at org.junit.runners.model.FrameworkMethod.invokeExplosively(FrameworkMethod.java:47)
	at org.junit.internal.runners.statements.InvokeMethod.evaluate(InvokeMethod.java:17)
	at org.junit.runners.ParentRunner.runLeaf(ParentRunner.java:325)
	at org.junit.runners.BlockJUnit4ClassRunner.runChild(BlockJUnit4ClassRunner.java:78)
	at org.junit.runners.BlockJUnit4ClassRunner.runChild(BlockJUnit4ClassRunner.java:57)
	at org.junit.runners.ParentRunner$3.run(ParentRunner.java:290)
	at org.junit.runners.ParentRunner$1.schedule(ParentRunner.java:71)
	at org.junit.runners.ParentRunner.runChildren(ParentRunner.java:288)
	at org.junit.runners.ParentRunner.access$000(ParentRunner.java:58)
	at org.junit.runners.ParentRunner$2.evaluate(ParentRunner.java:268)
	at org.junit.runners.ParentRunner.run(ParentRunner.java:363)
	at org.junit.runners.Suite.runChild(Suite.java:128)
	at org.junit.runners.Suite.runChild(Suite.java:27)
	at org.junit.runners.ParentRunner$3.run(ParentRunner.java:290)
	at org.junit.runners.ParentRunner$1.schedule(ParentRunner.java:71)
	at org.junit.runners.ParentRunner.runChildren(ParentRunner.java:288)
	at org.junit.runners.ParentRunner.access$000(ParentRunner.java:58)
	at org.junit.runners.ParentRunner$2.evaluate(ParentRunner.java:268)
	at org.junit.internal.runners.statements.RunAfters.evaluate(RunAfters.java:27)
	at org.junit.runners.ParentRunner.run(ParentRunner.java:363)
	at org.gradle.api.internal.tasks.testing.junit.JUnitTestClassExecutor.runTestClass(JUnitTestClassExecutor.java:108)
	at org.gradle.api.internal.tasks.testing.junit.JUnitTestClassExecutor.execute(JUnitTestClassExecutor.java:57)
	at org.gradle.api.internal.tasks.testing.junit.JUnitTestClassExecutor.execute(JUnitTestClassExecutor.java:39)
	at org.gradle.api.internal.tasks.testing.junit.AbstractJUnitTestClassProcessor.processTestClass(AbstractJUnitTestClassProcessor.java:62)
	at org.gradle.api.internal.tasks.testing.SuiteTestClassProcessor.processTestClass(SuiteTestClassProcessor.java:52)
	at java.base/jdk.internal.reflect.NativeMethodAccessorImpl.invoke0(Native Method)
	at java.base/jdk.internal.reflect.NativeMethodAccessorImpl.invoke(NativeMethodAccessorImpl.java:62)
	at java.base/jdk.internal.reflect.DelegatingMethodAccessorImpl.invoke(DelegatingMethodAccessorImpl.java:43)
	at java.base/java.lang.reflect.Method.invoke(Method.java:567)
	at org.gradle.internal.dispatch.ReflectionDispatch.dispatch(ReflectionDispatch.java:36)
	at org.gradle.internal.dispatch.ReflectionDispatch.dispatch(ReflectionDispatch.java:24)
	at org.gradle.internal.dispatch.ContextClassLoaderDispatch.dispatch(ContextClassLoaderDispatch.java:33)
	at org.gradle.internal.dispatch.ProxyDispatchAdapter$DispatchingInvocationHandler.invoke(ProxyDispatchAdapter.java:94)
	at com.sun.proxy.$Proxy2.processTestClass(Unknown Source)
	at org.gradle.api.internal.tasks.testing.worker.TestWorker$2.run(TestWorker.java:176)
	at org.gradle.api.internal.tasks.testing.worker.TestWorker.executeAndMaintainThreadName(TestWorker.java:129)
	at org.gradle.api.internal.tasks.testing.worker.TestWorker.execute(TestWorker.java:100)
	at org.gradle.api.internal.tasks.testing.worker.TestWorker.execute(TestWorker.java:60)
	at org.gradle.process.internal.worker.child.ActionExecutionWorker.execute(ActionExecutionWorker.java:56)
	at org.gradle.process.internal.worker.child.SystemApplicationClassLoaderWorker.call(SystemApplicationClassLoaderWorker.java:113)
	at org.gradle.process.internal.worker.child.SystemApplicationClassLoaderWorker.call(SystemApplicationClassLoaderWorker.java:65)
	at worker.org.gradle.process.internal.worker.GradleWorkerMain.run(GradleWorkerMain.java:69)
	at worker.org.gradle.process.internal.worker.GradleWorkerMain.main(GradleWorkerMain.java:74)
</failure>
  </testcase>
  <testcase name="testTranslation[testdata/translation/interfaces/portfolio_Interface_AsArgument.java]" classname="notquitejava.translation.FileTranslationTest" time="0.003">
    <failure message="java.lang.NullPointerException" type="java.lang.NullPointerException">java.lang.NullPointerException
	at translation.Translator.translateType(Translator.java:490)
	at translation.Translator.translateType(Translator.java:472)
	at translation.Translator.lambda$initFunction$2(Translator.java:353)
	at java.base/java.util.stream.ReferencePipeline$3$1.accept(ReferencePipeline.java:195)
	at java.base/java.util.ArrayList$Itr.forEachRemaining(ArrayList.java:1032)
	at java.base/java.util.Spliterators$IteratorSpliterator.forEachRemaining(Spliterators.java:1801)
	at java.base/java.util.stream.AbstractPipeline.copyInto(AbstractPipeline.java:484)
	at java.base/java.util.stream.AbstractPipeline.wrapAndCopyInto(AbstractPipeline.java:474)
	at java.base/java.util.stream.ReduceOps$ReduceOp.evaluateSequential(ReduceOps.java:913)
	at java.base/java.util.stream.AbstractPipeline.evaluate(AbstractPipeline.java:234)
	at java.base/java.util.stream.ReferencePipeline.collect(ReferencePipeline.java:578)
	at translation.Translator.initFunction(Translator.java:354)
	at translation.Translator.translateFunctions(Translator.java:310)
	at translation.Translator.translate(Translator.java:75)
	at main.NotQuiteJavaCompiler.compile(NotQuiteJavaCompiler.java:89)
	at main.NotQuiteJavaCompiler.compileString(NotQuiteJavaCompiler.java:66)
	at notquitejava.translation.TranslationTestHelper.testLLVMTranslation(TranslationTestHelper.java:104)
	at notquitejava.translation.FileTranslationTest.testTranslation(FileTranslationTest.java:37)
	at jdk.internal.reflect.GeneratedMethodAccessor2.invoke(Unknown Source)
	at java.base/jdk.internal.reflect.DelegatingMethodAccessorImpl.invoke(DelegatingMethodAccessorImpl.java:43)
	at java.base/java.lang.reflect.Method.invoke(Method.java:567)
	at org.junit.runners.model.FrameworkMethod$1.runReflectiveCall(FrameworkMethod.java:50)
	at org.junit.internal.runners.model.ReflectiveCallable.run(ReflectiveCallable.java:12)
	at org.junit.runners.model.FrameworkMethod.invokeExplosively(FrameworkMethod.java:47)
	at org.junit.internal.runners.statements.InvokeMethod.evaluate(InvokeMethod.java:17)
	at org.junit.runners.ParentRunner.runLeaf(ParentRunner.java:325)
	at org.junit.runners.BlockJUnit4ClassRunner.runChild(BlockJUnit4ClassRunner.java:78)
	at org.junit.runners.BlockJUnit4ClassRunner.runChild(BlockJUnit4ClassRunner.java:57)
	at org.junit.runners.ParentRunner$3.run(ParentRunner.java:290)
	at org.junit.runners.ParentRunner$1.schedule(ParentRunner.java:71)
	at org.junit.runners.ParentRunner.runChildren(ParentRunner.java:288)
	at org.junit.runners.ParentRunner.access$000(ParentRunner.java:58)
	at org.junit.runners.ParentRunner$2.evaluate(ParentRunner.java:268)
	at org.junit.runners.ParentRunner.run(ParentRunner.java:363)
	at org.junit.runners.Suite.runChild(Suite.java:128)
	at org.junit.runners.Suite.runChild(Suite.java:27)
	at org.junit.runners.ParentRunner$3.run(ParentRunner.java:290)
	at org.junit.runners.ParentRunner$1.schedule(ParentRunner.java:71)
	at org.junit.runners.ParentRunner.runChildren(ParentRunner.java:288)
	at org.junit.runners.ParentRunner.access$000(ParentRunner.java:58)
	at org.junit.runners.ParentRunner$2.evaluate(ParentRunner.java:268)
	at org.junit.internal.runners.statements.RunAfters.evaluate(RunAfters.java:27)
	at org.junit.runners.ParentRunner.run(ParentRunner.java:363)
	at org.gradle.api.internal.tasks.testing.junit.JUnitTestClassExecutor.runTestClass(JUnitTestClassExecutor.java:108)
	at org.gradle.api.internal.tasks.testing.junit.JUnitTestClassExecutor.execute(JUnitTestClassExecutor.java:57)
	at org.gradle.api.internal.tasks.testing.junit.JUnitTestClassExecutor.execute(JUnitTestClassExecutor.java:39)
	at org.gradle.api.internal.tasks.testing.junit.AbstractJUnitTestClassProcessor.processTestClass(AbstractJUnitTestClassProcessor.java:62)
	at org.gradle.api.internal.tasks.testing.SuiteTestClassProcessor.processTestClass(SuiteTestClassProcessor.java:52)
	at java.base/jdk.internal.reflect.NativeMethodAccessorImpl.invoke0(Native Method)
	at java.base/jdk.internal.reflect.NativeMethodAccessorImpl.invoke(NativeMethodAccessorImpl.java:62)
	at java.base/jdk.internal.reflect.DelegatingMethodAccessorImpl.invoke(DelegatingMethodAccessorImpl.java:43)
	at java.base/java.lang.reflect.Method.invoke(Method.java:567)
	at org.gradle.internal.dispatch.ReflectionDispatch.dispatch(ReflectionDispatch.java:36)
	at org.gradle.internal.dispatch.ReflectionDispatch.dispatch(ReflectionDispatch.java:24)
	at org.gradle.internal.dispatch.ContextClassLoaderDispatch.dispatch(ContextClassLoaderDispatch.java:33)
	at org.gradle.internal.dispatch.ProxyDispatchAdapter$DispatchingInvocationHandler.invoke(ProxyDispatchAdapter.java:94)
	at com.sun.proxy.$Proxy2.processTestClass(Unknown Source)
	at org.gradle.api.internal.tasks.testing.worker.TestWorker$2.run(TestWorker.java:176)
	at org.gradle.api.internal.tasks.testing.worker.TestWorker.executeAndMaintainThreadName(TestWorker.java:129)
	at org.gradle.api.internal.tasks.testing.worker.TestWorker.execute(TestWorker.java:100)
	at org.gradle.api.internal.tasks.testing.worker.TestWorker.execute(TestWorker.java:60)
	at org.gradle.process.internal.worker.child.ActionExecutionWorker.execute(ActionExecutionWorker.java:56)
	at org.gradle.process.internal.worker.child.SystemApplicationClassLoaderWorker.call(SystemApplicationClassLoaderWorker.java:113)
	at org.gradle.process.internal.worker.child.SystemApplicationClassLoaderWorker.call(SystemApplicationClassLoaderWorker.java:65)
	at worker.org.gradle.process.internal.worker.GradleWorkerMain.run(GradleWorkerMain.java:69)
	at worker.org.gradle.process.internal.worker.GradleWorkerMain.main(GradleWorkerMain.java:74)
</failure>
  </testcase>
  <system-out><![CDATA[]]></system-out>
  <system-err><![CDATA[]]></system-err>
</testsuite>
